<?xml version="1.0" encoding="UTF-8"?>
<testsuite name="com.example.cashcard.CashCardApplicationTests" tests="1" skipped="0" failures="0" errors="0" timestamp="2025-02-07T06:45:30" hostname="Mac" time="0.381">
  <properties/>
  <testcase name="contextLoads()" classname="com.example.cashcard.CashCardApplicationTests" time="0.381"/>
  <system-out><![CDATA[01:45:30.481 [Test worker] INFO org.springframework.test.context.support.AnnotationConfigContextLoaderUtils -- Could not detect default configuration classes for test class [com.example.cashcard.CashCardApplicationTests]: CashCardApplicationTests does not declare any static, non-private, non-final, nested classes annotated with @Configuration.
01:45:30.518 [Test worker] INFO org.springframework.boot.test.context.SpringBootTestContextBootstrapper -- Found @SpringBootConfiguration com.example.cashcard.CashCardApplication for test class com.example.cashcard.CashCardApplicationTests

  .   ____          _            __ _ _
 /\\ / ___'_ __ _ _(_)_ __  __ _ \ \ \ \
( ( )\___ | '_ | '_| | '_ \/ _` | \ \ \ \
 \\/  ___)| |_)| | | | | || (_| |  ) ) ) )
  '  |____| .__|_| |_|_| |_\__, | / / / /
 =========|_|==============|___/=/_/_/_/

 :: Spring Boot ::                (v3.3.8)

2025-02-07T01:45:30.628-05:00  INFO 89765 --- [CashCard] [    Test worker] c.e.cashcard.CashCardApplicationTests    : Starting CashCardApplicationTests using Java 23 with PID 89765 (started by ssjlee93 in /Users/ssjlee93/Developer/spring-academy/building)
2025-02-07T01:45:30.629-05:00  INFO 89765 --- [CashCard] [    Test worker] c.e.cashcard.CashCardApplicationTests    : No active profile set, falling back to 1 default profile: "default"
2025-02-07T01:45:30.957-05:00  INFO 89765 --- [CashCard] [    Test worker] c.e.cashcard.CashCardApplicationTests    : Started CashCardApplicationTests in 0.399 seconds (process running for 0.797)
]]></system-out>
  <system-err><![CDATA[WARNING: A Java agent has been loaded dynamically (/Users/ssjlee93/.gradle/caches/modules-2/files-2.1/net.bytebuddy/byte-buddy-agent/1.14.19/154da3a65b4f4a909d3e5bdec55d1b2b4cbb6ce1/byte-buddy-agent-1.14.19.jar)
WARNING: If a serviceability tool is in use, please run with -XX:+EnableDynamicAgentLoading to hide this warning
WARNING: If a serviceability tool is not in use, please run with -Djdk.instrument.traceUsage for more information
WARNING: Dynamic loading of agents will be disallowed by default in a future release
]]></system-err>
</testsuite>
